Arguments: 
  /home/kuenzang/.nvm/versions/node/v14.17.6/bin/node /usr/share/yarn/bin/yarn.js install

PATH: 
  /home/kuenzang/.nvm/versions/node/v14.17.6/bin:/usr/local/sbin:/usr/local/bin:/usr/sbin:/usr/bin:/sbin:/bin:/usr/games:/usr/local/games:/usr/lib/wsl/lib:/mnt/c/Python312/Scripts/:/mnt/c/Python312/:/mnt/c/Program Files/Eclipse Foundation/jdk-16.0.2.7-hotspot/bin:/mnt/c/Program Files (x86)/Common Files/Oracle/Java/javapath:/mnt/c/Windows/system32:/mnt/c/Windows:/mnt/c/Windows/System32/Wbem:/mnt/c/Windows/System32/WindowsPowerShell/v1.0/:/mnt/c/Windows/System32/OpenSSH/:/mnt/c/Program Files (x86)/NVIDIA Corporation/PhysX/Common:/mnt/c/Program Files/NVIDIA Corporation/NVIDIA NvDLISR:/mnt/c/Program Files/Microsoft SQL Server/150/Tools/Binn/:/mnt/c/Program Files/nodejs/:/mnt/c/ProgramData/chocolatey/bin:/mnt/c/Program Files/MySQL/MySQL Shell 8.0/bin/:/mnt/c/Users/Admin/AppData/Local/Microsoft/WindowsApps:/mnt/c/Users/Admin/AppData/Local/Programs/Microsoft VS Code/bin:/mnt/c/Users/Admin/AppData/Roaming/npm

Yarn version: 
  1.22.5

Node version: 
  14.17.6

Platform: 
  linux x64

Trace: 
  Error: getaddrinfo ENOTFOUND npm.selise.org
      at GetAddrInfoReqWrap.onlookup [as oncomplete] (dns.js:69:26)

npm manifest: 
  {
    "name": "navigator",
    "private": true,
    "version": "0.0.0",
    "type": "module",
    "scripts": {
      "dev": "vite",
      "build": "tsc && vite build",
      "preview": "vite preview"
    },
    "devDependencies": {
      "typescript": "^5.2.2",
      "vite": "^5.1.0"
    }
  }

yarn manifest: 
  No manifest

Lockfile: 
  No lockfile
